"../../../Engine/Content/EditorBlueprintResources/StandardMacros.uasset" 0
"../../../Engine/Content/EngineSky/C_Sky_Cloud_Color.uasset" 1
"../../../Engine/Content/EngineSky/C_Sky_Horizon_Color.uasset" 2
"../../../Engine/Content/EngineSky/C_Sky_Zenith_Color.uasset" 3
"../../../Engine/Content/EngineSky/T_Sky_Blue.uasset" 4
"../../../Engine/Content/EngineSky/T_Sky_Clouds_M.uasset" 5
"../../../Engine/Content/EngineSky/T_Sky_Stars.uasset" 6
"../../../Engine/Content/EngineSky/SM_SkySphere.uasset" 7
"../../../Engine/Content/EngineSky/M_Sky_Panning_Clouds2.uasset" 8
"../../../Engine/Content/EngineSky/BP_Sky_Sphere.uasset" 9
"../../../Engine/Content/BasicShapes/BasicShapeMaterial.uasset" 10
"../../../Engine/Content/Functions/Engine_MaterialFunctions01/Opacity/CameraDepthFade.uasset" 11
"../../../Engine/Content/EngineMaterials/T_Default_Material_Grid_M.uasset" 12
"../../../Engine/Content/EngineMaterials/T_Default_Material_Grid_N.uasset" 13
"../../../Engine/Content/EngineMaterials/WorldGridMaterial.uasset" 14
"../../../PFE/Content/black.uasset" 15
"../../../PFE/Content/grey.uasset" 16
"../../../PFE/Content/PlywoodNew0050_2_M.uasset" 17
"../../../PFE/Content/Material_011.uasset" 18
"../../../PFE/Content/Gscene.uasset" 19
"../../../PFE/Content/Mirror.uasset" 20
"../../../PFE/Content/Gscene1.uasset" 21
"../../../PFE/Content/Mirror1.uasset" 22
"../../../Engine/Content/BasicShapes/Cube.uasset" 23
"../../../Engine/Content/EngineMaterials/DefaultMaterial.uasset" 24
"../../../Engine/Content/BasicShapes/Sphere.uasset" 25
"../../../Engine/Content/EditorResources/MatineeCam_D.uasset" 26
"../../../Engine/Content/EditorMaterials/MatineeCam_mat.uasset" 27
"../../../Engine/Content/EditorMeshes/MatineeCam_SM.uasset" 28
"../../../PFE/Content/Material_008.uasset" 29
"../../../PFE/Content/1.uasset" 30
"../../../PFE/Content/Material_007.uasset" 31
"../../../PFE/Content/2.uasset" 32
"../../../PFE/Content/Material_012.uasset" 33
"../../../PFE/Content/Material_017.uasset" 34
"../../../PFE/Content/3.uasset" 35
"../../../PFE/Content/Material_016.uasset" 36
"../../../PFE/Content/4.uasset" 37
"../../../PFE/Content/Material_006.uasset" 38
"../../../PFE/Content/Material_009.uasset" 39
"../../../PFE/Content/5.uasset" 40
"../../../PFE/Content/Material_010.uasset" 41
"../../../PFE/Content/Material_018.uasset" 42
"../../../PFE/Content/6.uasset" 43
"../../../PFE/Content/Material_019.uasset" 44
"../../../PFE/Content/Material_020.uasset" 45
"../../../PFE/Content/7.uasset" 46
"../../../PFE/Content/Material_021.uasset" 47
"../../../PFE/Content/8.uasset" 48
"../../../PFE/Content/9.uasset" 49
"../../../PFE/Content/black_001.uasset" 50
"../../../PFE/Content/black_002.uasset" 51
"../../../PFE/Content/black_003.uasset" 52
"../../../PFE/Content/black_004.uasset" 53
"../../../PFE/Content/black_005.uasset" 54
"../../../PFE/Content/black_006.uasset" 55
"../../../PFE/Content/black_007.uasset" 56
"../../../PFE/Content/black_008.uasset" 57
"../../../PFE/Content/white.uasset" 58
"../../../PFE/Content/white_001.uasset" 59
"../../../PFE/Content/white_002.uasset" 60
"../../../PFE/Content/white_003.uasset" 61
"../../../PFE/Content/white_004.uasset" 62
"../../../PFE/Content/white_005.uasset" 63
"../../../PFE/Content/white_006.uasset" 64
"../../../PFE/Content/white_007.uasset" 65
"../../../PFE/Content/white_008.uasset" 66
"../../../PFE/Content/white_009.uasset" 67
"../../../PFE/Content/code.uasset" 68
"../../../PFE/Content/C.uasset" 69
"../../../PFE/Content/Column.uasset" 70
"../../../PFE/Content/PlywoodNew0077_M.uasset" 71
"../../../PFE/Content/Material_001.uasset" 72
"../../../PFE/Content/congrat.uasset" 73
"../../../PFE/Content/BlackDoor.uasset" 74
"../../../PFE/Content/WHITEDOOR.uasset" 75
"../../../PFE/Content/door.uasset" 76
"../../../PFE/Content/eq.uasset" 77
"../../../PFE/Content/Material.uasset" 78
"../../../PFE/Content/laveabeau.uasset" 79
"../../../PFE/Content/L.uasset" 80
"../../../PFE/Content/Line.uasset" 81
"../../../PFE/Content/nb.uasset" 82
"../../../PFE/Content/number.uasset" 83
"../../../PFE/Content/number10.uasset" 84
"../../../PFE/Content/number11.uasset" 85
"../../../PFE/Content/number12.uasset" 86
"../../../PFE/Content/number2.uasset" 87
"../../../PFE/Content/number3.uasset" 88
"../../../PFE/Content/number4.uasset" 89
"../../../PFE/Content/number5.uasset" 90
"../../../PFE/Content/number6.uasset" 91
"../../../PFE/Content/number7.uasset" 92
"../../../PFE/Content/number8.uasset" 93
"../../../PFE/Content/number9.uasset" 94
"../../../PFE/Content/Material_003.uasset" 95
"../../../PFE/Content/Material_013.uasset" 96
"../../../PFE/Content/prs.uasset" 97
"../../../PFE/Content/Material_002.uasset" 98
"../../../PFE/Content/Material_004.uasset" 99
"../../../PFE/Content/Material_005.uasset" 100
"../../../PFE/Content/sol.uasset" 101
"../../../PFE/Content/old_picnic_table_texture_by_darkmaiden_stock.uasset" 102
"../../../PFE/Content/chair.uasset" 103
"../../../PFE/Content/Table.uasset" 104
"../../../PFE/Content/TC.uasset" 105
"../../../PFE/Content/toilette.uasset" 106
"../../../PFE/Content/wrong.uasset" 107
"../../../PFE/Content/Maps/PFE.umap" 108
"../../../Engine/Content/EditorResources/S_Actor.uasset" 109
"../../../Engine/Content/Maps/Templates/Thumbnails/Default.uasset" 110
"../../../Engine/Content/EditorMaterials/ParticleSystems/PSysThumbnail_NoImage.uasset" 111
"../../../Engine/Content/EditorMaterials/ParticleSystems/PSysThumbnail_OOD.uasset" 112
"../../../Engine/Content/EditorLandscapeResources/DataLayer.uasset" 113
"../../../Engine/Content/EngineFonts/Roboto.uasset" 114
"../../../Engine/Content/Functions/Engine_MaterialFunctions01/Shading/PowerToRoughness.uasset" 115
"../../../Engine/Content/Functions/Engine_MaterialFunctions01/Shading/ConvertFromDiffSpec.uasset" 116
"../../../Engine/Content/EngineMaterials/DefaultDiffuse.uasset" 117
"../../../Engine/Content/EngineMaterials/DefaultDeferredDecalMaterial.uasset" 118
"../../../Engine/Content/EngineMaterials/DefaultLightFunctionMaterial.uasset" 119
"../../../Engine/Content/Functions/Engine_MaterialFunctions02/Utility/BreakOutFloat2Components.uasset" 120
"../../../Engine/Content/EngineMaterials/DefaultPostProcessMaterial.uasset" 121
"../../../Engine/Content/EngineResources/DefaultTexture.uasset" 122
"../../../Engine/Content/Functions/Engine_MaterialFunctions02/Texturing/ScreenAlignedUVs.uasset" 123
"../../../Engine/Content/EngineResources/WhiteSquareTexture.uasset" 124
"../../../Engine/Content/EngineMaterials/Widget3DPassThrough.uasset" 125
"../../../Engine/Content/EngineMaterials/Widget3DPassThrough_Translucent.uasset" 126
"../../../Engine/Content/EngineMaterials/Widget3DPassThrough_Translucent_OneSided.uasset" 127
"../../../Engine/Content/EngineMaterials/Widget3DPassThrough_Opaque.uasset" 128
"../../../Engine/Content/EngineMaterials/Widget3DPassThrough_Opaque_OneSided.uasset" 129
"../../../Engine/Content/EngineMaterials/Widget3DPassThrough_Masked.uasset" 130
"../../../Engine/Content/EngineMaterials/Widget3DPassThrough_Masked_OneSided.uasset" 131
"../../../Engine/Content/EngineDamageTypes/DmgTypeBP_Environmental.uasset" 132
"../../../Engine/Content/EngineMeshes/Sphere.uasset" 133
"../../../Engine/Content/EngineFonts/RobotoDistanceField.uasset" 134
"../../../Engine/Content/EngineMaterials/DefaultTextMaterialOpaque.uasset" 135
"../../../Engine/Content/EditorResources/S_Trigger.uasset" 136
"../../../Engine/Content/EngineResources/GradientTexture0.uasset" 137
"../../../Engine/Content/EngineResources/Black.uasset" 138
"../../../Engine/Content/EditorMaterials/MatineeGroups/MAT_Groups_Float.uasset" 139
"../../../Engine/Content/EditorMaterials/MatineeGroups/MAT_Groups_Director.uasset" 140
"../../../Engine/Content/EditorMaterials/MatineeGroups/MAT_Groups_Event.uasset" 141
"../../../Engine/Content/EditorMaterials/MatineeGroups/MAT_Groups_Anim.uasset" 142
"../../../Engine/Content/EditorMaterials/MatineeGroups/MAT_Groups_Fade.uasset" 143
"../../../Engine/Content/EditorMaterials/MatineeGroups/MAT_Groups_Move.uasset" 144
"../../../Engine/Content/EditorMaterials/MatineeGroups/MAT_Groups_Slomo.uasset" 145
"../../../Engine/Content/EditorMaterials/MatineeGroups/MAT_ColorTrack.uasset" 146
"../../../Engine/Content/EditorMaterials/MAT_Groups_Toggle.uasset" 147
"../../../Engine/Content/EditorMaterials/MatineeGroups/MAT_Groups_AudioMaster.uasset" 148
"../../../Engine/Content/EditorMaterials/MatineeGroups/MAT_Groups_Sound.uasset" 149
"../../../Engine/Content/EditorMaterials/MatineeGroups/MAT_Groups_Vector.uasset" 150
"../../../Engine/Content/EditorMaterials/MAT_Groups_Visibility.uasset" 151
"../../../Engine/Content/EngineResources/DefaultTextureCube.uasset" 152
"../../../Engine/Content/EngineMeshes/Cylinder.uasset" 153
"../../../Engine/Content/EngineTireTypes/DefaultTireType.uasset" 154
"../../../Engine/Content/EngineResources/AICON-Red.uasset" 155
"../../../Engine/Content/EngineResources/AICON-Green.uasset" 156
"../../../Engine/Content/Tutorial/Basics/TutorialAssets/icon_tab_Levels_40x.uasset" 157
"../../../Engine/Content/Tutorial/Basics/LevelEditorOverview.uasset" 158
"../../../Engine/Content/Tutorial/Basics/LevelEditorAttract.uasset" 159
"../../../Engine/Content/Tutorial/ContentIntroCurve.uasset" 160
"../../../Engine/Plugins/2D/Paper2D/Content/PlaceholderTextures/DummySpriteTexture.uasset" 161
"../../../Engine/Plugins/2D/Paper2D/Content/DefaultSpriteMaterial.uasset" 162
"../../../Engine/Plugins/2D/Paper2D/Content/MaskedUnlitSpriteMaterial.uasset" 163
"../../../Engine/Plugins/2D/Paper2D/Content/OpaqueUnlitSpriteMaterial.uasset" 164
"../../../Engine/Plugins/2D/Paper2D/Content/DummySpriteTexture.uasset" 165
"../../../Engine/Plugins/2D/Paper2D/Content/DummySprite.uasset" 166
"../../../Engine/Plugins/2D/Paper2D/Content/DefaultPaperTerrainMaterial.uasset" 167
"../../../Engine/Plugins/Runtime/LeapMotionController/Content/LM_CapsuleMesh.uasset" 168
"../../../Engine/Plugins/Runtime/LeapMotionController/Content/LM_TorusMesh.uasset" 169
"../../../Engine/Plugins/Runtime/LeapMotionController/Content/LM_HandColor.uasset" 170
"../../../Engine/Plugins/Runtime/LeapMotionController/Content/LM_SampleDistortion.uasset" 171
"../../../Engine/Plugins/Runtime/LeapMotionController/Content/LM_TestTexture.uasset" 172
"../../../Engine/Plugins/Runtime/LeapMotionController/Content/LM_PassthroughMaterial.uasset" 173
"../../../Engine/Content/EngineMaterials/RemoveSurfaceMaterial.uasset" 174
"../../../Engine/Content/EngineDebugMaterials/DebugMeshMaterial.uasset" 175
"../../../Engine/Content/EngineMaterials/InvalidLightmapSettings.uasset" 176
"../../../Engine/Content/EngineMaterials/M_InvalidLightmapSettings.uasset" 177
"../../../Engine/Content/EditorMaterials/GizmoMaterial.uasset" 178
"../../../Engine/Content/EngineMaterials/Good64x64TilingNoiseHighFreq.uasset" 179
"../../../Engine/Content/EngineMaterials/DefaultBokeh.uasset" 180
"../../../Engine/Content/EngineMaterials/PreintegratedSkinBRDF.uasset" 181
"../../../Engine/Content/EngineMaterials/MiniFont.uasset" 182
"../../../Engine/Content/EngineMaterials/WeightMapPlaceholderTexture.uasset" 183
"../../../Engine/Content/EngineMaterials/DefaultWhiteGrid.uasset" 184
"../../../Engine/Content/EngineMaterials/DefaultPhysicalMaterial.uasset" 185
"../../../Engine/Content/EngineFonts/RobotoTiny.uasset" 186
"../../../Engine/Content/MobileResources/HUD/MobileHUDButton1_off.uasset" 187
"../../../Engine/Content/MobileResources/HUD/MobileHUDButtonFire.uasset" 188
"../../../Engine/Content/MobileResources/T_MobileControls_texture.uasset" 189
"../../../Engine/Content/MobileResources/T_MobileMenu2.uasset" 190
"../../../Engine/Content/MobileResources/HUD/MobileHUDDirectionStick.uasset" 191
"../../../Engine/Content/EditorMaterials/PhAT_JointLimitMaterial.uasset" 192
"../../../Engine/Content/EditorMaterials/PreviewShadowIndicator.uasset" 193
"../../../Engine/Content/EditorMaterials/PreviewShadowIndicatorMaterial.uasset" 194
"../../../Engine/Content/EditorMeshes/ColorCalibrator/M_ChromeBall.uasset" 195
"../../../Engine/Content/EditorMeshes/ColorCalibrator/M_ClearCoat.uasset" 196
"../../../Engine/Content/EditorMeshes/ColorCalibrator/M_ClearCoatBlack.uasset" 197
"../../../Engine/Content/EditorMeshes/ColorCalibrator/T_ColorGrid.uasset" 198
"../../../Engine/Content/EditorMeshes/ColorCalibrator/M_ColorGrid.uasset" 199
"../../../Engine/Content/EditorMeshes/ColorCalibrator/M_GreyBall.uasset" 200
"../../../Engine/Content/EditorMeshes/ColorCalibrator/SM_ColorCalibrator.uasset" 201
"../../../Engine/Content/EditorResources/BSPVertex.uasset" 202
"../../../Engine/Content/EngineDebugMaterials/HeatmapGradient.uasset" 203
"../../../Engine/Content/EngineDebugMaterials/BoneWeightMaterial.uasset" 204
"../../../Engine/Content/EngineDebugMaterials/GeomMaterial.uasset" 205
"../../../Engine/Content/EngineMaterials/EditorBrushMaterial.uasset" 206
"../../../Engine/Content/MobileResources/HUD/AnalogHat.uasset" 207
"../../../Engine/Content/MobileResources/HUD/VirtualJoystick_Background.uasset" 208
"../../../Engine/Content/MobileResources/HUD/VirtualJoystick_Thumb.uasset" 209
"../../../Engine/Content/MobileResources/HUD/DefaultVirtualJoysticks.uasset" 210
"../../../Engine/Content/MobileResources/HUD/LeftVirtualJoystickOnly.uasset" 211
"../../../Engine/Content/MobileResources/HUD/MobileHUDButton1_on.uasset" 212
"../../../Engine/Content/MobileResources/HUD/MobileHUDButton2_off.uasset" 213
"../../../Engine/Content/MobileResources/HUD/MobileHUDButton2_on.uasset" 214
"../../../Engine/Content/MobileResources/HUD/MobileHUDButton3.uasset" 215
"../../../Engine/Content/MobileResources/HUD/MobileHUDDirectionPad.uasset" 216
"../../../Engine/Content/MobileResources/HUD/MobileHUDDirectionPad2.uasset" 217
"../../../Engine/Content/MobileResources/HUD/MobileHUDDirectionPad3.uasset" 218
"../../../Engine/Content/MobileResources/HUD/T_Castle_ThumbstickInner.uasset" 219
"../../../Engine/Content/MobileResources/HUD/T_Castle_ThumbstickOutter.uasset" 220
"../../../Engine/Content/Tutorial/BlueprintTutorials/TutorialAssets/Blueprint_64x.uasset" 221
"../../../Engine/Content/Tutorial/BlueprintTutorials/BlueprintEditorTutorial.uasset" 222
"../../../Engine/Content/Tutorial/BlueprintTutorials/TutorialAssets/BlueprintInterface_64x.uasset" 223
"../../../Engine/Content/Tutorial/BlueprintTutorials/TutorialAssets/Tutorial_BP_Interface.uasset" 224
"../../../Engine/Content/Tutorial/BlueprintTutorials/BlueprintInterfacesEditorOverview.uasset" 225
"../../../Engine/Content/Tutorial/BlueprintTutorials/TutorialAssets/BlueprintMacroLibrary_64x.uasset" 226
"../../../Engine/Content/Tutorial/BlueprintTutorials/TutorialAssets/Tutorial_BP_MacroLib.uasset" 227
"../../../Engine/Content/Tutorial/BlueprintTutorials/BlueprintMacroLibrariesEditorOverview.uasset" 228
"../../../Engine/Content/Tutorial/BlueprintTutorials/LevelBlueprintEditorOverview.uasset" 229
"../../../Engine/Content/Tutorial/Foliage/TutorialAssets/Foliage.uasset" 230
"../../../Engine/Content/Tutorial/Foliage/Foliage_Settings_Tutorial.uasset" 231
"../../../Engine/Content/Tutorial/Foliage/Foliage_Using_The_Tool_Tutorial.uasset" 232
"../../../Engine/Content/Tutorial/Foliage/Foliage_Intro_Tutorial.uasset" 233
"../../../Engine/Content/Tutorial/Landscape/TutorialAssets/Landscape.uasset" 234
"../../../Engine/Content/Tutorial/Landscape/Landscape_Painting_Mode.uasset" 235
"../../../Engine/Content/Tutorial/Landscape/Landscape_Sculpt_Mode.uasset" 236
"../../../Engine/Content/Tutorial/Landscape/Landscape_Manage_Mode.uasset" 237
"../../../Engine/Content/Tutorial/Paper2D/TutorialAssets/Paper2DFlipbook_TutorialIcon.uasset" 238
"../../../Engine/Content/Tutorial/Paper2D/FlipbookEditorTutorial.uasset" 239
"../../../Engine/Content/Tutorial/Paper2D/TutorialAssets/Paper2DSprite_TutorialIcon.uasset" 240
"../../../Engine/Content/Tutorial/Paper2D/SpriteEditorTutorial.uasset" 241
"../../../Engine/Content/EditorMeshes/EditorCube.uasset" 242
"../../../Engine/Content/Tutorial/SubEditors/TutorialAssets/Tutorial_DM.uasset" 243
"../../../Engine/Content/Tutorial/SubEditors/DestructibleMeshEditorTutorial.uasset" 244
"../../../Engine/Content/Tutorial/SubEditors/TutorialAssets/TutorialMaterial.uasset" 245
"../../../Engine/Content/Tutorial/SubEditors/MaterialEditorTutorial.uasset" 246
"../../../Engine/Content/Tutorial/SubEditors/TutorialAssets/T_SmokeSubUV_8X8.uasset" 247
"../../../Engine/Content/Tutorial/SubEditors/TutorialAssets/T_soft_smoke.uasset" 248
"../../../Engine/Content/Tutorial/SubEditors/TutorialAssets/M_smoke_subUV_blackbody.uasset" 249
"../../../Engine/Content/Tutorial/SubEditors/TutorialAssets/TutorialParticleSystem.uasset" 250
"../../../Engine/Content/Tutorial/SubEditors/ParticleSystemEditorTutorial.uasset" 251
"../../../Engine/Content/Tutorial/SubEditors/TutorialAssets/icon_ShowSkeletalMeshes_40x.uasset" 252
"../../../Engine/Content/Tutorial/SubEditors/TutorialAssets/Character/TutorialTPP_Mat.uasset" 253
"../../../Engine/Content/Tutorial/SubEditors/TutorialAssets/Character/TutorialTPP_PhysicsAsset.uasset" 254
"../../../Engine/Content/Tutorial/SubEditors/TutorialAssets/Character/TutorialTPP.uasset" 255
"../../../Engine/Content/Tutorial/SubEditors/TutorialAssets/Character/TutorialTPP_Skeleton.uasset" 256
"../../../Engine/Content/Tutorial/SubEditors/TutorialAssets/Character/Tutorial_Idle.uasset" 257
"../../../Engine/Content/Tutorial/SubEditors/TutorialAssets/Character/Tutorial_Walk_Fwd.uasset" 258
"../../../Engine/Content/Tutorial/SubEditors/TutorialAssets/Character/NewBlendSpace1D.uasset" 259
"../../../Engine/Content/Tutorial/SubEditors/TutorialAssets/Character/TutorialCharacter.uasset" 260
"../../../Engine/Content/Tutorial/SubEditors/TutorialAssets/Character/TutorialTPP_AnimBlueprint.uasset" 261
"../../../Engine/Content/Tutorial/SubEditors/PersonaAnimBlueprintEditorWalkthrough.uasset" 262
"../../../Engine/Content/Tutorial/SubEditors/PersonaAnimEditorWalkthrough.uasset" 263
"../../../Engine/Content/EngineMeshes/Cube.uasset" 264
"../../../Engine/Content/Tutorial/SubEditors/StaticMeshEditorTutorial.uasset" 265
"../../../Engine/Content/Tutorial/SubEditors/TutorialAssets/icon_Editor_Preferences_General_40x.uasset" 266
